<?xml version="1.0" encoding="UTF-8"?>
<coverage generated="1511184282">
  <project timestamp="1511184282">
    <package name="mikemadisonweb\rabbitmq">
      <file name="/mnt/hdd/OwnRepo/yii2-rabbitmq-test/mikemadisonweb/Configuration.php">
        <class name="Configuration" namespace="mikemadisonweb\rabbitmq">
          <metrics complexity="93" methods="14" coveredmethods="11" conditionals="0" coveredconditionals="0" statements="148" coveredstatements="140" elements="162" coveredelements="151"/>
        </class>
        <line num="132" type="method" name="getConfig" visibility="public" complexity="2" crap="2" count="82"/>
        <line num="134" type="stmt" count="82"/>
        <line num="135" type="stmt" count="82"/>
        <line num="136" type="stmt" count="76"/>
        <line num="137" type="stmt" count="40"/>
        <line num="138" type="stmt" count="40"/>
        <line num="141" type="stmt" count="40"/>
        <line num="149" type="method" name="getConnection" visibility="public" complexity="2" crap="2" count="13"/>
        <line num="151" type="stmt" count="13"/>
        <line num="152" type="stmt" count="6"/>
        <line num="155" type="stmt" count="13"/>
        <line num="163" type="method" name="getProducer" visibility="public" complexity="1" crap="1" count="7"/>
        <line num="165" type="stmt" count="7"/>
        <line num="173" type="method" name="getConsumer" visibility="public" complexity="1" crap="1" count="3"/>
        <line num="175" type="stmt" count="3"/>
        <line num="182" type="method" name="getRouting" visibility="public" complexity="1" crap="1" count="15"/>
        <line num="184" type="stmt" count="15"/>
        <line num="191" type="method" name="validate" visibility="protected" complexity="1" crap="1" count="76"/>
        <line num="193" type="stmt" count="76"/>
        <line num="194" type="stmt" count="73"/>
        <line num="195" type="stmt" count="72"/>
        <line num="196" type="stmt" count="41"/>
        <line num="197" type="stmt" count="40"/>
        <line num="203" type="method" name="validateMultidimensional" visibility="protected" complexity="5" crap="5.01" count="73"/>
        <line num="206" type="stmt" count="73"/>
        <line num="207" type="stmt" count="73"/>
        <line num="208" type="stmt" count="73"/>
        <line num="209" type="stmt" count="73"/>
        <line num="210" type="stmt" count="73"/>
        <line num="211" type="stmt" count="73"/>
        <line num="214" type="stmt" count="73"/>
        <line num="215" type="stmt" count="73"/>
        <line num="216" type="stmt" count="0"/>
        <line num="218" type="stmt" count="73"/>
        <line num="219" type="stmt" count="73"/>
        <line num="220" type="stmt" count="73"/>
        <line num="224" type="stmt" count="72"/>
        <line num="230" type="method" name="validateTopLevel" visibility="protected" complexity="4" crap="4" count="76"/>
        <line num="232" type="stmt" count="76"/>
        <line num="233" type="stmt" count="1"/>
        <line num="236" type="stmt" count="75"/>
        <line num="237" type="stmt" count="1"/>
        <line num="240" type="stmt" count="74"/>
        <line num="241" type="stmt" count="73"/>
        <line num="247" type="method" name="validateRequired" visibility="protected" complexity="52" crap="53.86" count="72"/>
        <line num="249" type="stmt" count="72"/>
        <line num="250" type="stmt" count="72"/>
        <line num="251" type="stmt" count="71"/>
        <line num="252" type="stmt" count="1"/>
        <line num="254" type="stmt" count="70"/>
        <line num="255" type="stmt" count="1"/>
        <line num="257" type="stmt" count="69"/>
        <line num="258" type="stmt" count="1"/>
        <line num="260" type="stmt" count="68"/>
        <line num="261" type="stmt" count="68"/>
        <line num="265" type="stmt" count="67"/>
        <line num="266" type="stmt" count="7"/>
        <line num="267" type="stmt" count="6"/>
        <line num="268" type="stmt" count="2"/>
        <line num="270" type="stmt" count="4"/>
        <line num="271" type="stmt" count="1"/>
        <line num="273" type="stmt" count="3"/>
        <line num="274" type="stmt" count="3"/>
        <line num="275" type="stmt" count="0"/>
        <line num="276" type="stmt" count="3"/>
        <line num="279" type="stmt" count="63"/>
        <line num="280" type="stmt" count="8"/>
        <line num="282" type="stmt" count="62"/>
        <line num="283" type="stmt" count="7"/>
        <line num="284" type="stmt" count="4"/>
        <line num="285" type="stmt" count="1"/>
        <line num="287" type="stmt" count="3"/>
        <line num="288" type="stmt" count="1"/>
        <line num="290" type="stmt" count="2"/>
        <line num="291" type="stmt" count="0"/>
        <line num="293" type="stmt" count="2"/>
        <line num="294" type="stmt" count="0"/>
        <line num="296" type="stmt" count="2"/>
        <line num="297" type="stmt" count="2"/>
        <line num="300" type="stmt" count="57"/>
        <line num="301" type="stmt" count="15"/>
        <line num="302" type="stmt" count="14"/>
        <line num="303" type="stmt" count="1"/>
        <line num="305" type="stmt" count="13"/>
        <line num="306" type="stmt" count="1"/>
        <line num="308" type="stmt" count="12"/>
        <line num="309" type="stmt" count="1"/>
        <line num="311" type="stmt" count="11"/>
        <line num="312" type="stmt" count="1"/>
        <line num="314" type="stmt" count="10"/>
        <line num="315" type="stmt" count="10"/>
        <line num="318" type="stmt" count="51"/>
        <line num="319" type="stmt" count="14"/>
        <line num="320" type="stmt" count="13"/>
        <line num="321" type="stmt" count="1"/>
        <line num="323" type="stmt" count="12"/>
        <line num="324" type="stmt" count="2"/>
        <line num="326" type="stmt" count="10"/>
        <line num="327" type="stmt" count="0"/>
        <line num="329" type="stmt" count="10"/>
        <line num="330" type="stmt" count="4"/>
        <line num="332" type="stmt" count="6"/>
        <line num="333" type="stmt" count="0"/>
        <line num="335" type="stmt" count="6"/>
        <line num="336" type="stmt" count="0"/>
        <line num="338" type="stmt" count="6"/>
        <line num="339" type="stmt" count="6"/>
        <line num="340" type="stmt" count="1"/>
        <line num="342" type="stmt" count="5"/>
        <line num="343" type="stmt" count="5"/>
        <line num="346" type="stmt" count="4"/>
        <line num="347" type="stmt" count="4"/>
        <line num="350" type="stmt" count="41"/>
        <line num="358" type="method" name="validateArrayFields" visibility="protected" complexity="2" crap="2" count="74"/>
        <line num="360" type="stmt" count="74"/>
        <line num="361" type="stmt" count="74"/>
        <line num="362" type="stmt" count="9"/>
        <line num="363" type="stmt" count="9"/>
        <line num="365" type="stmt" count="73"/>
        <line num="372" type="method" name="validateDuplicateNames" visibility="protected" complexity="5" crap="5" count="41"/>
        <line num="374" type="stmt" count="41"/>
        <line num="375" type="stmt" count="41"/>
        <line num="376" type="stmt" count="41"/>
        <line num="377" type="stmt" count="41"/>
        <line num="378" type="stmt" count="2"/>
        <line num="380" type="stmt" count="41"/>
        <line num="381" type="stmt" count="1"/>
        <line num="383" type="stmt" count="41"/>
        <line num="386" type="stmt" count="40"/>
        <line num="392" type="method" name="normalizeConnections" visibility="protected" complexity="5" crap="5" count="82"/>
        <line num="394" type="stmt" count="82"/>
        <line num="395" type="stmt" count="6"/>
        <line num="397" type="stmt" count="76"/>
        <line num="398" type="stmt" count="1"/>
        <line num="400" type="stmt" count="76"/>
        <line num="401" type="stmt" count="74"/>
        <line num="402" type="stmt" count="71"/>
        <line num="405" type="stmt" count="76"/>
        <line num="410" type="method" name="completeWithDefaults" visibility="protected" complexity="7" crap="7" count="40"/>
        <line num="412" type="stmt" count="40"/>
        <line num="413" type="stmt" count="40"/>
        <line num="414" type="stmt" count="40"/>
        <line num="416" type="stmt" count="40"/>
        <line num="417" type="stmt" count="39"/>
        <line num="419" type="stmt" count="1"/>
        <line num="420" type="stmt" count="1"/>
        <line num="421" type="stmt" count="1"/>
        <line num="425" type="stmt" count="40"/>
        <line num="426" type="stmt" count="40"/>
        <line num="427" type="stmt" count="40"/>
        <line num="428" type="stmt" count="40"/>
        <line num="431" type="stmt" count="40"/>
        <line num="439" type="method" name="isNameExist" visibility="private" complexity="5" crap="5.03" count="25"/>
        <line num="441" type="stmt" count="25"/>
        <line num="442" type="stmt" count="1"/>
        <line num="443" type="stmt" count="1"/>
        <line num="444" type="stmt" count="1"/>
        <line num="447" type="stmt" count="0"/>
        <line num="449" type="stmt" count="25"/>
        <line num="450" type="stmt" count="25"/>
        <line num="451" type="stmt" count="20"/>
        <line num="454" type="stmt" count="6"/>
        <metrics loc="456" ncloc="388" classes="1" methods="14" coveredmethods="11" conditionals="0" coveredconditionals="0" statements="148" coveredstatements="140" elements="162" coveredelements="151"/>
      </file>
      <file name="/mnt/hdd/OwnRepo/yii2-rabbitmq-test/mikemadisonweb/DependencyInjection.php">
        <class name="DependencyInjection" namespace="mikemadisonweb\rabbitmq">
          <metrics complexity="19" methods="11" coveredmethods="11" conditionals="0" coveredconditionals="0" statements="63" coveredstatements="63" elements="74" coveredelements="74"/>
        </class>
        <line num="27" type="method" name="bootstrap" visibility="public" complexity="1" crap="1" count="84"/>
        <line num="29" type="stmt" count="84"/>
        <line num="30" type="stmt" count="40"/>
        <line num="31" type="stmt" count="40"/>
        <line num="32" type="stmt" count="40"/>
        <line num="33" type="stmt" count="40"/>
        <line num="34" type="stmt" count="40"/>
        <line num="35" type="stmt" count="40"/>
        <line num="36" type="stmt" count="40"/>
        <line num="42" type="method" name="registerLogger" visibility="private" complexity="1" crap="1" count="40"/>
        <line num="44" type="stmt" count="40"/>
        <line num="45" type="stmt" count="40"/>
        <line num="51" type="method" name="registerConnections" visibility="protected" complexity="2" crap="2" count="40"/>
        <line num="53" type="stmt" count="40"/>
        <line num="54" type="stmt" count="40"/>
        <line num="55" type="method" name="anonymousFunction:55#295" complexity="1" crap="1" count="40"/>
        <line num="56" type="stmt" count="25"/>
        <line num="57" type="stmt" count="24"/>
        <line num="58" type="stmt" count="40"/>
        <line num="60" type="stmt" count="40"/>
        <line num="68" type="method" name="anonymousFunction:68#370" complexity="1" crap="1" count="40"/>
        <line num="69" type="stmt" count="20"/>
        <line num="70" type="stmt" count="20"/>
        <line num="71" type="stmt" count="20"/>
        <line num="72" type="stmt" count="20"/>
        <line num="74" type="stmt" count="20"/>
        <line num="75" type="stmt" count="40"/>
        <line num="76" type="stmt" count="40"/>
        <line num="82" type="method" name="registerProducers" visibility="protected" complexity="2" crap="2" count="40"/>
        <line num="84" type="stmt" count="40"/>
        <line num="85" type="stmt" count="40"/>
        <line num="86" type="stmt" count="8"/>
        <line num="87" type="method" name="anonymousFunction:87#548" complexity="1" crap="1" count="8"/>
        <line num="91" type="stmt" count="8"/>
        <line num="95" type="stmt" count="8"/>
        <line num="99" type="stmt" count="8"/>
        <line num="100" type="stmt" count="8"/>
        <line num="101" type="stmt" count="8"/>
        <line num="102" type="stmt" count="8"/>
        <line num="103" type="stmt" count="8"/>
        <line num="104" type="stmt" count="8"/>
        <line num="105" type="stmt" count="8"/>
        <line num="107" type="stmt" count="8"/>
        <line num="108" type="stmt" count="8"/>
        <line num="110" type="stmt" count="40"/>
        <line num="116" type="method" name="registerConsumers" visibility="protected" complexity="3" crap="3" count="40"/>
        <line num="118" type="stmt" count="40"/>
        <line num="119" type="stmt" count="40"/>
        <line num="120" type="stmt" count="4"/>
        <line num="121" type="method" name="anonymousFunction:121#859" complexity="2" crap="2" count="4"/>
        <line num="125" type="stmt" count="4"/>
        <line num="129" type="stmt" count="4"/>
        <line num="133" type="stmt" count="4"/>
        <line num="134" type="stmt" count="4"/>
        <line num="135" type="stmt" count="4"/>
        <line num="136" type="stmt" count="4"/>
        <line num="137" type="stmt" count="4"/>
        <line num="138" type="stmt" count="3"/>
        <line num="140" type="stmt" count="3"/>
        <line num="141" type="stmt" count="3"/>
        <line num="142" type="stmt" count="3"/>
        <line num="143" type="stmt" count="3"/>
        <line num="144" type="stmt" count="3"/>
        <line num="145" type="stmt" count="3"/>
        <line num="146" type="stmt" count="3"/>
        <line num="148" type="stmt" count="3"/>
        <line num="149" type="stmt" count="4"/>
        <line num="151" type="stmt" count="40"/>
        <line num="159" type="method" name="getCallbackClass" visibility="private" complexity="3" crap="3" count="4"/>
        <line num="161" type="stmt" count="4"/>
        <line num="162" type="stmt" count="1"/>
        <line num="164" type="stmt" count="3"/>
        <line num="166" type="stmt" count="4"/>
        <line num="167" type="stmt" count="1"/>
        <line num="170" type="stmt" count="3"/>
        <line num="177" type="method" name="addControllers" visibility="private" complexity="1" crap="1" count="40"/>
        <line num="179" type="stmt" count="40"/>
        <line num="180" type="stmt" count="40"/>
        <metrics loc="180" ncloc="124" classes="1" methods="11" coveredmethods="11" conditionals="0" coveredconditionals="0" statements="67" coveredstatements="67" elements="78" coveredelements="78"/>
      </file>
    </package>
    <package name="mikemadisonweb\rabbitmq\components">
      <file name="/mnt/hdd/OwnRepo/yii2-rabbitmq-test/mikemadisonweb/components/AbstractConnectionFactory.php">
        <class name="AbstractConnectionFactory" namespace="mikemadisonweb\rabbitmq\components">
          <metrics complexity="13" methods="3" coveredmethods="3" conditionals="0" coveredconditionals="0" statements="39" coveredstatements="39" elements="42" coveredelements="42"/>
        </class>
        <line num="21" type="method" name="__construct" visibility="public" complexity="1" crap="1" count="25"/>
        <line num="23" type="stmt" count="25"/>
        <line num="24" type="stmt" count="25"/>
        <line num="25" type="stmt" count="24"/>
        <line num="30" type="method" name="createConnection" visibility="public" complexity="1" crap="1" count="24"/>
        <line num="32" type="stmt" count="24"/>
        <line num="33" type="stmt" count="24"/>
        <line num="34" type="stmt" count="24"/>
        <line num="35" type="stmt" count="24"/>
        <line num="36" type="stmt" count="24"/>
        <line num="37" type="stmt" count="24"/>
        <line num="38" type="stmt" count="24"/>
        <line num="39" type="stmt" count="24"/>
        <line num="40" type="stmt" count="24"/>
        <line num="41" type="stmt" count="24"/>
        <line num="42" type="stmt" count="24"/>
        <line num="43" type="stmt" count="24"/>
        <line num="44" type="stmt" count="24"/>
        <line num="45" type="stmt" count="24"/>
        <line num="46" type="stmt" count="24"/>
        <line num="55" type="method" name="parseUrl" visibility="private" complexity="11" crap="11" count="25"/>
        <line num="57" type="stmt" count="25"/>
        <line num="58" type="stmt" count="18"/>
        <line num="60" type="stmt" count="7"/>
        <line num="61" type="stmt" count="7"/>
        <line num="62" type="stmt" count="1"/>
        <line num="64" type="stmt" count="6"/>
        <line num="65" type="stmt" count="6"/>
        <line num="67" type="stmt" count="6"/>
        <line num="68" type="stmt" count="6"/>
        <line num="70" type="stmt" count="6"/>
        <line num="71" type="stmt" count="6"/>
        <line num="73" type="stmt" count="6"/>
        <line num="74" type="stmt" count="6"/>
        <line num="76" type="stmt" count="6"/>
        <line num="77" type="stmt" count="6"/>
        <line num="79" type="stmt" count="6"/>
        <line num="80" type="stmt" count="6"/>
        <line num="81" type="stmt" count="6"/>
        <line num="82" type="stmt" count="6"/>
        <line num="84" type="stmt" count="6"/>
        <line num="86" type="stmt" count="6"/>
        <metrics loc="88" ncloc="64" classes="1" methods="3" coveredmethods="3" conditionals="0" coveredconditionals="0" statements="39" coveredstatements="39" elements="42" coveredelements="42"/>
      </file>
      <file name="/mnt/hdd/OwnRepo/yii2-rabbitmq-test/mikemadisonweb/components/BaseRabbitMQ.php">
        <class name="BaseRabbitMQ" namespace="mikemadisonweb\rabbitmq\components">
          <metrics complexity="14" methods="5" coveredmethods="2" conditionals="0" coveredconditionals="0" statements="23" coveredstatements="17" elements="28" coveredelements="19"/>
        </class>
        <line num="30" type="method" name="__construct" visibility="public" complexity="2" crap="2.01" count="25"/>
        <line num="32" type="stmt" count="25"/>
        <line num="33" type="stmt" count="25"/>
        <line num="34" type="stmt" count="25"/>
        <line num="35" type="stmt" count="25"/>
        <line num="36" type="stmt" count="25"/>
        <line num="37" type="stmt" count="0"/>
        <line num="39" type="stmt" count="25"/>
        <line num="41" type="method" name="__destruct" visibility="public" complexity="1" crap="1" count="20"/>
        <line num="43" type="stmt" count="20"/>
        <line num="44" type="stmt" count="20"/>
        <line num="46" type="method" name="close" visibility="public" complexity="6" crap="8.83" count="20"/>
        <line num="48" type="stmt" count="20"/>
        <line num="50" type="stmt" count="10"/>
        <line num="51" type="stmt" count="0"/>
        <line num="55" type="stmt" count="20"/>
        <line num="57" type="stmt" count="0"/>
        <line num="58" type="stmt" count="0"/>
        <line num="62" type="stmt" count="20"/>
        <line num="64" type="method" name="renew" visibility="public" complexity="2" crap="2.50" count="1"/>
        <line num="66" type="stmt" count="1"/>
        <line num="67" type="stmt" count="1"/>
        <line num="69" type="stmt" count="0"/>
        <line num="70" type="stmt" count="0"/>
        <line num="75" type="method" name="getChannel" visibility="public" complexity="3" crap="3" count="13"/>
        <line num="77" type="stmt" count="13"/>
        <line num="78" type="stmt" count="13"/>
        <line num="80" type="stmt" count="13"/>
        <metrics loc="82" ncloc="63" classes="1" methods="5" coveredmethods="2" conditionals="0" coveredconditionals="0" statements="23" coveredstatements="17" elements="28" coveredelements="19"/>
      </file>
      <file name="/mnt/hdd/OwnRepo/yii2-rabbitmq-test/mikemadisonweb/components/Consumer.php">
        <class name="Consumer" namespace="mikemadisonweb\rabbitmq\components" fullPackage="mikemadisonweb" package="mikemadisonweb">
          <metrics complexity="56" methods="31" coveredmethods="25" conditionals="0" coveredconditionals="0" statements="119" coveredstatements="92" elements="150" coveredelements="117"/>
        </class>
        <line num="36" type="method" name="setMemoryLimit" visibility="public" complexity="1" crap="1" count="1"/>
        <line num="38" type="stmt" count="1"/>
        <line num="39" type="stmt" count="1"/>
        <line num="46" type="method" name="getMemoryLimit" visibility="public" complexity="1" crap="2" count="0"/>
        <line num="48" type="stmt" count="0"/>
        <line num="54" type="method" name="setQueues" visibility="public" complexity="1" crap="1" count="7"/>
        <line num="56" type="stmt" count="7"/>
        <line num="57" type="stmt" count="7"/>
        <line num="62" type="method" name="getQueues" visibility="public" complexity="1" crap="1" count="1"/>
        <line num="64" type="stmt" count="1"/>
        <line num="70" type="method" name="setIdleTimeout" visibility="public" complexity="1" crap="1" count="3"/>
        <line num="72" type="stmt" count="3"/>
        <line num="73" type="stmt" count="3"/>
        <line num="75" type="method" name="getIdleTimeout" visibility="public" complexity="1" crap="1" count="1"/>
        <line num="77" type="stmt" count="1"/>
        <line num="84" type="method" name="setIdleTimeoutExitCode" visibility="public" complexity="1" crap="1" count="3"/>
        <line num="86" type="stmt" count="3"/>
        <line num="87" type="stmt" count="3"/>
        <line num="93" type="method" name="getIdleTimeoutExitCode" visibility="public" complexity="1" crap="1" count="1"/>
        <line num="95" type="stmt" count="1"/>
        <line num="101" type="method" name="getDeserializer" visibility="public" complexity="1" crap="1" count="1"/>
        <line num="103" type="stmt" count="1"/>
        <line num="109" type="method" name="setDeserializer" visibility="public" complexity="1" crap="1" count="9"/>
        <line num="111" type="stmt" count="9"/>
        <line num="112" type="stmt" count="9"/>
        <line num="117" type="method" name="getQos" visibility="public" complexity="1" crap="1" count="1"/>
        <line num="119" type="stmt" count="1"/>
        <line num="125" type="method" name="setQos" visibility="public" complexity="1" crap="1" count="4"/>
        <line num="127" type="stmt" count="4"/>
        <line num="128" type="stmt" count="4"/>
        <line num="133" type="method" name="setName" visibility="public" complexity="1" crap="1" count="3"/>
        <line num="135" type="stmt" count="3"/>
        <line num="136" type="stmt" count="3"/>
        <line num="141" type="method" name="getName" visibility="public" complexity="1" crap="1" count="1"/>
        <line num="143" type="stmt" count="1"/>
        <line num="150" type="method" name="getConsumed" visibility="public" complexity="1" crap="1" count="2"/>
        <line num="152" type="stmt" count="2"/>
        <line num="159" type="method" name="resetConsumed" visibility="public" complexity="1" crap="1" count="1"/>
        <line num="161" type="stmt" count="1"/>
        <line num="162" type="stmt" count="1"/>
        <line num="167" type="method" name="getProceedOnException" visibility="public" complexity="1" crap="1" count="1"/>
        <line num="169" type="stmt" count="1"/>
        <line num="175" type="method" name="setProceedOnException" visibility="public" complexity="1" crap="1" count="4"/>
        <line num="177" type="stmt" count="4"/>
        <line num="178" type="stmt" count="4"/>
        <line num="188" type="method" name="consume" visibility="public" complexity="6" crap="10.50" count="4"/>
        <line num="190" type="stmt" count="4"/>
        <line num="191" type="stmt" count="3"/>
        <line num="193" type="stmt" count="4"/>
        <line num="194" type="stmt" count="4"/>
        <line num="195" type="stmt" count="4"/>
        <line num="197" type="stmt" count="4"/>
        <line num="198" type="stmt" count="0"/>
        <line num="199" type="stmt" count="0"/>
        <line num="202" type="stmt" count="0"/>
        <line num="203" type="stmt" count="0"/>
        <line num="204" type="stmt" count="0"/>
        <line num="205" type="stmt" count="0"/>
        <line num="208" type="stmt" count="0"/>
        <line num="212" type="stmt" count="4"/>
        <line num="218" type="method" name="stopConsuming" visibility="public" complexity="2" crap="2" count="2"/>
        <line num="220" type="stmt" count="2"/>
        <line num="221" type="stmt" count="2"/>
        <line num="223" type="stmt" count="2"/>
        <line num="228" type="method" name="stopDaemon" visibility="public" complexity="1" crap="1" count="1"/>
        <line num="230" type="stmt" count="1"/>
        <line num="231" type="stmt" count="1"/>
        <line num="232" type="stmt" count="1"/>
        <line num="233" type="stmt" count="1"/>
        <line num="238" type="method" name="restartDaemon" visibility="public" complexity="1" crap="1" count="1"/>
        <line num="240" type="stmt" count="1"/>
        <line num="241" type="stmt" count="1"/>
        <line num="242" type="stmt" count="1"/>
        <line num="243" type="stmt" count="1"/>
        <line num="244" type="stmt" count="1"/>
        <line num="245" type="stmt" count="1"/>
        <line num="251" type="method" name="setQosOptions" visibility="protected" complexity="2" crap="2" count="4"/>
        <line num="253" type="stmt" count="4"/>
        <line num="254" type="stmt" count="3"/>
        <line num="256" type="stmt" count="1"/>
        <line num="257" type="stmt" count="1"/>
        <line num="258" type="stmt" count="1"/>
        <line num="259" type="stmt" count="1"/>
        <line num="260" type="stmt" count="1"/>
        <line num="267" type="method" name="startConsuming" visibility="protected" complexity="2" crap="2" count="4"/>
        <line num="269" type="stmt" count="4"/>
        <line num="270" type="stmt" count="4"/>
        <line num="271" type="stmt" count="2"/>
        <line num="272" type="stmt" count="2"/>
        <line num="273" type="stmt" count="2"/>
        <line num="274" type="stmt" count="2"/>
        <line num="275" type="stmt" count="2"/>
        <line num="276" type="stmt" count="2"/>
        <line num="277" type="stmt" count="2"/>
        <line num="278" type="stmt" count="2"/>
        <line num="279" type="method" name="anonymousFunction:279#1131" complexity="1" crap="1.12" count="2"/>
        <line num="281" type="stmt" count="0"/>
        <line num="282" type="stmt" count="2"/>
        <line num="285" type="stmt" count="4"/>
        <line num="291" type="method" name="maybeStopConsumer" visibility="protected" complexity="10" crap="110" count="0"/>
        <line num="293" type="stmt" count="0"/>
        <line num="294" type="stmt" count="0"/>
        <line num="295" type="stmt" count="0"/>
        <line num="297" type="stmt" count="0"/>
        <line num="299" type="stmt" count="0"/>
        <line num="300" type="stmt" count="0"/>
        <line num="301" type="stmt" count="0"/>
        <line num="304" type="stmt" count="0"/>
        <line num="305" type="stmt" count="0"/>
        <line num="306" type="stmt" count="0"/>
        <line num="309" type="stmt" count="0"/>
        <line num="320" type="method" name="onReceive" visibility="protected" complexity="5" crap="5" count="8"/>
        <line num="322" type="stmt" count="8"/>
        <line num="323" type="stmt" count="8"/>
        <line num="324" type="stmt" count="8"/>
        <line num="325" type="stmt" count="8"/>
        <line num="330" type="stmt" count="8"/>
        <line num="331" type="stmt" count="6"/>
        <line num="334" type="stmt" count="8"/>
        <line num="335" type="stmt" count="8"/>
        <line num="336" type="stmt" count="7"/>
        <line num="337" type="stmt" count="7"/>
        <line num="338" type="stmt" count="7"/>
        <line num="341" type="stmt" count="7"/>
        <line num="342" type="stmt" count="7"/>
        <line num="343" type="stmt" count="7"/>
        <line num="344" type="stmt" count="7"/>
        <line num="346" type="stmt" count="7"/>
        <line num="347" type="stmt" count="7"/>
        <line num="348" type="stmt" count="7"/>
        <line num="352" type="stmt" count="1"/>
        <line num="353" type="stmt" count="1"/>
        <line num="354" type="stmt" count="1"/>
        <line num="355" type="stmt" count="1"/>
        <line num="358" type="stmt" count="8"/>
        <line num="360" type="stmt" count="8"/>
        <line num="368" type="method" name="sendResult" visibility="protected" complexity="5" crap="15.55" count="1"/>
        <line num="371" type="stmt" count="1"/>
        <line num="372" type="stmt" count="1"/>
        <line num="376" type="stmt" count="0"/>
        <line num="378" type="stmt" count="0"/>
        <line num="379" type="stmt" count="0"/>
        <line num="381" type="stmt" count="0"/>
        <line num="384" type="stmt" count="0"/>
        <line num="386" type="stmt" count="0"/>
        <line num="393" type="method" name="isRamAlmostOverloaded" visibility="protected" complexity="1" crap="2" count="0"/>
        <line num="395" type="stmt" count="0"/>
        <line num="402" type="method" name="getConsumerTag" visibility="protected" complexity="1" crap="1" count="4"/>
        <line num="404" type="stmt" count="4"/>
        <line num="410" type="method" name="generateUniqueId" visibility="protected" complexity="1" crap="1" count="4"/>
        <line num="412" type="stmt" count="4"/>
        <metrics loc="414" ncloc="279" classes="1" methods="31" coveredmethods="25" conditionals="0" coveredconditionals="0" statements="120" coveredstatements="93" elements="151" coveredelements="118"/>
      </file>
      <file name="/mnt/hdd/OwnRepo/yii2-rabbitmq-test/mikemadisonweb/components/Logger.php">
        <class name="Logger" namespace="mikemadisonweb\rabbitmq\components">
          <metrics complexity="23" methods="0" coveredmethods="0" conditionals="0" coveredconditionals="0" statements="0" coveredstatements="0" elements="0" coveredelements="0"/>
        </class>
        <metrics loc="176" ncloc="128" classes="0" methods="0" coveredmethods="0" conditionals="0" coveredconditionals="0" statements="0" coveredstatements="0" elements="0" coveredelements="0"/>
      </file>
      <file name="/mnt/hdd/OwnRepo/yii2-rabbitmq-test/mikemadisonweb/components/Producer.php">
        <class name="Producer" namespace="mikemadisonweb\rabbitmq\components" fullPackage="mikemadisonweb" package="mikemadisonweb">
          <metrics complexity="17" methods="10" coveredmethods="10" conditionals="0" coveredconditionals="0" statements="42" coveredstatements="42" elements="52" coveredelements="52"/>
        </class>
        <line num="25" type="method" name="setContentType" visibility="public" complexity="1" crap="1" count="8"/>
        <line num="27" type="stmt" count="8"/>
        <line num="28" type="stmt" count="8"/>
        <line num="33" type="method" name="setDeliveryMode" visibility="public" complexity="1" crap="1" count="8"/>
        <line num="35" type="stmt" count="8"/>
        <line num="36" type="stmt" count="8"/>
        <line num="41" type="method" name="setSerializer" visibility="public" complexity="1" crap="1" count="8"/>
        <line num="43" type="stmt" count="8"/>
        <line num="44" type="stmt" count="8"/>
        <line num="50" type="method" name="getSerializer" visibility="public" complexity="1" crap="1" count="1"/>
        <line num="52" type="stmt" count="1"/>
        <line num="58" type="method" name="getBasicProperties" visibility="public" complexity="1" crap="1" count="8"/>
        <line num="61" type="stmt" count="8"/>
        <line num="62" type="stmt" count="8"/>
        <line num="69" type="method" name="getSafe" visibility="public" complexity="1" crap="1" count="1"/>
        <line num="71" type="stmt" count="1"/>
        <line num="77" type="method" name="setSafe" visibility="public" complexity="1" crap="1" count="9"/>
        <line num="79" type="stmt" count="9"/>
        <line num="80" type="stmt" count="9"/>
        <line num="85" type="method" name="getName" visibility="public" complexity="1" crap="1" count="1"/>
        <line num="87" type="stmt" count="1"/>
        <line num="93" type="method" name="setName" visibility="public" complexity="1" crap="1" count="8"/>
        <line num="95" type="stmt" count="8"/>
        <line num="96" type="stmt" count="8"/>
        <line num="107" type="method" name="publish" visibility="public" complexity="8" crap="8" count="7"/>
        <line num="109" type="stmt" count="7"/>
        <line num="110" type="stmt" count="7"/>
        <line num="112" type="stmt" count="7"/>
        <line num="113" type="stmt" count="1"/>
        <line num="115" type="stmt" count="7"/>
        <line num="116" type="stmt" count="7"/>
        <line num="117" type="stmt" count="4"/>
        <line num="118" type="stmt" count="4"/>
        <line num="120" type="stmt" count="7"/>
        <line num="122" type="stmt" count="7"/>
        <line num="123" type="stmt" count="4"/>
        <line num="124" type="stmt" count="4"/>
        <line num="126" type="stmt" count="4"/>
        <line num="127" type="stmt" count="4"/>
        <line num="130" type="stmt" count="7"/>
        <line num="131" type="stmt" count="7"/>
        <line num="132" type="stmt" count="7"/>
        <line num="135" type="stmt" count="7"/>
        <line num="137" type="stmt" count="7"/>
        <line num="138" type="stmt" count="7"/>
        <line num="139" type="stmt" count="7"/>
        <line num="142" type="stmt" count="7"/>
        <line num="143" type="stmt" count="7"/>
        <line num="144" type="stmt" count="7"/>
        <line num="146" type="stmt" count="7"/>
        <line num="147" type="stmt" count="7"/>
        <line num="150" type="stmt" count="7"/>
        <metrics loc="151" ncloc="111" classes="1" methods="10" coveredmethods="10" conditionals="0" coveredconditionals="0" statements="42" coveredstatements="42" elements="52" coveredelements="52"/>
      </file>
      <file name="/mnt/hdd/OwnRepo/yii2-rabbitmq-test/mikemadisonweb/components/Routing.php">
        <class name="Routing" namespace="mikemadisonweb\rabbitmq\components">
          <metrics complexity="47" methods="17" coveredmethods="17" conditionals="0" coveredconditionals="0" statements="109" coveredstatements="109" elements="126" coveredelements="126"/>
        </class>
        <line num="27" type="method" name="__construct" visibility="public" complexity="1" crap="1" count="20"/>
        <line num="29" type="stmt" count="20"/>
        <line num="30" type="stmt" count="20"/>
        <line num="35" type="method" name="setQueues" visibility="public" complexity="1" crap="1" count="20"/>
        <line num="37" type="stmt" count="20"/>
        <line num="38" type="stmt" count="20"/>
        <line num="43" type="method" name="setExchanges" visibility="public" complexity="1" crap="1" count="20"/>
        <line num="45" type="stmt" count="20"/>
        <line num="46" type="stmt" count="20"/>
        <line num="51" type="method" name="setBindings" visibility="public" complexity="1" crap="1" count="20"/>
        <line num="53" type="stmt" count="20"/>
        <line num="54" type="stmt" count="20"/>
        <line num="61" type="method" name="declareAll" visibility="public" complexity="4" crap="4" count="2"/>
        <line num="63" type="stmt" count="2"/>
        <line num="64" type="stmt" count="2"/>
        <line num="65" type="stmt" count="1"/>
        <line num="67" type="stmt" count="2"/>
        <line num="68" type="stmt" count="1"/>
        <line num="70" type="stmt" count="2"/>
        <line num="71" type="stmt" count="2"/>
        <line num="73" type="stmt" count="2"/>
        <line num="76" type="stmt" count="1"/>
        <line num="83" type="method" name="declareQueue" visibility="public" complexity="5" crap="5" count="2"/>
        <line num="85" type="stmt" count="2"/>
        <line num="86" type="stmt" count="1"/>
        <line num="88" type="stmt" count="1"/>
        <line num="89" type="stmt" count="1"/>
        <line num="90" type="stmt" count="1"/>
        <line num="91" type="stmt" count="1"/>
        <line num="92" type="stmt" count="1"/>
        <line num="93" type="stmt" count="1"/>
        <line num="94" type="stmt" count="1"/>
        <line num="95" type="stmt" count="1"/>
        <line num="96" type="stmt" count="1"/>
        <line num="97" type="stmt" count="1"/>
        <line num="98" type="stmt" count="1"/>
        <line num="99" type="stmt" count="1"/>
        <line num="102" type="stmt" count="1"/>
        <line num="103" type="stmt" count="1"/>
        <line num="104" type="stmt" count="1"/>
        <line num="105" type="stmt" count="1"/>
        <line num="106" type="stmt" count="1"/>
        <line num="107" type="stmt" count="1"/>
        <line num="108" type="stmt" count="1"/>
        <line num="109" type="stmt" count="1"/>
        <line num="110" type="stmt" count="1"/>
        <line num="111" type="stmt" count="1"/>
        <line num="115" type="stmt" count="1"/>
        <line num="117" type="stmt" count="1"/>
        <line num="122" type="method" name="declareBindings" visibility="public" complexity="3" crap="3" count="2"/>
        <line num="124" type="stmt" count="2"/>
        <line num="125" type="stmt" count="1"/>
        <line num="126" type="stmt" count="1"/>
        <line num="128" type="stmt" count="1"/>
        <line num="131" type="stmt" count="2"/>
        <line num="137" type="method" name="bindExchangeToQueue" visibility="public" complexity="6" crap="6" count="1"/>
        <line num="139" type="stmt" count="1"/>
        <line num="140" type="stmt" count="1"/>
        <line num="142" type="stmt" count="1"/>
        <line num="143" type="stmt" count="1"/>
        <line num="148" type="stmt" count="1"/>
        <line num="149" type="stmt" count="1"/>
        <line num="152" type="stmt" count="1"/>
        <line num="158" type="method" name="bindExchangeToExchange" visibility="public" complexity="6" crap="6" count="1"/>
        <line num="160" type="stmt" count="1"/>
        <line num="161" type="stmt" count="1"/>
        <line num="163" type="stmt" count="1"/>
        <line num="164" type="stmt" count="1"/>
        <line num="169" type="stmt" count="1"/>
        <line num="170" type="stmt" count="1"/>
        <line num="173" type="stmt" count="1"/>
        <line num="179" type="method" name="declareExchange" visibility="public" complexity="3" crap="3" count="2"/>
        <line num="181" type="stmt" count="2"/>
        <line num="182" type="stmt" count="1"/>
        <line num="184" type="stmt" count="1"/>
        <line num="185" type="stmt" count="1"/>
        <line num="186" type="stmt" count="1"/>
        <line num="187" type="stmt" count="1"/>
        <line num="188" type="stmt" count="1"/>
        <line num="189" type="stmt" count="1"/>
        <line num="190" type="stmt" count="1"/>
        <line num="191" type="stmt" count="1"/>
        <line num="192" type="stmt" count="1"/>
        <line num="193" type="stmt" count="1"/>
        <line num="194" type="stmt" count="1"/>
        <line num="195" type="stmt" count="1"/>
        <line num="197" type="stmt" count="1"/>
        <line num="199" type="stmt" count="1"/>
        <line num="206" type="method" name="purgeQueue" visibility="public" complexity="2" crap="2" count="2"/>
        <line num="208" type="stmt" count="2"/>
        <line num="209" type="stmt" count="1"/>
        <line num="211" type="stmt" count="1"/>
        <line num="212" type="stmt" count="1"/>
        <line num="218" type="method" name="deleteAll" visibility="public" complexity="3" crap="3" count="1"/>
        <line num="220" type="stmt" count="1"/>
        <line num="221" type="stmt" count="1"/>
        <line num="223" type="stmt" count="1"/>
        <line num="224" type="stmt" count="1"/>
        <line num="226" type="stmt" count="1"/>
        <line num="233" type="method" name="deleteQueue" visibility="public" complexity="2" crap="2" count="2"/>
        <line num="235" type="stmt" count="2"/>
        <line num="236" type="stmt" count="1"/>
        <line num="238" type="stmt" count="1"/>
        <line num="239" type="stmt" count="1"/>
        <line num="246" type="method" name="deleteExchange" visibility="public" complexity="2" crap="2" count="2"/>
        <line num="248" type="stmt" count="2"/>
        <line num="249" type="stmt" count="1"/>
        <line num="251" type="stmt" count="1"/>
        <line num="252" type="stmt" count="1"/>
        <line num="259" type="method" name="isExchangeExists" visibility="public" complexity="2" crap="2" count="2"/>
        <line num="262" type="stmt" count="2"/>
        <line num="263" type="stmt" count="1"/>
        <line num="264" type="stmt" count="1"/>
        <line num="267" type="stmt" count="1"/>
        <line num="275" type="method" name="isQueueExists" visibility="public" complexity="2" crap="2" count="2"/>
        <line num="278" type="stmt" count="2"/>
        <line num="279" type="stmt" count="1"/>
        <line num="280" type="stmt" count="1"/>
        <line num="283" type="stmt" count="1"/>
        <line num="290" type="method" name="arrangeByName" visibility="private" complexity="3" crap="3" count="20"/>
        <line num="292" type="stmt" count="20"/>
        <line num="293" type="stmt" count="20"/>
        <line num="294" type="stmt" count="6"/>
        <line num="295" type="stmt" count="2"/>
        <line num="297" type="stmt" count="6"/>
        <line num="301" type="stmt" count="20"/>
        <metrics loc="302" ncloc="222" classes="1" methods="17" coveredmethods="17" conditionals="0" coveredconditionals="0" statements="109" coveredstatements="109" elements="126" coveredelements="126"/>
      </file>
    </package>
    <file name="/mnt/hdd/OwnRepo/yii2-rabbitmq-test/mikemadisonweb/components/ConsumerInterface.php">
      <metrics loc="29" ncloc="16" classes="0" methods="0" coveredmethods="0" conditionals="0" coveredconditionals="0" statements="0" coveredstatements="0" elements="0" coveredelements="0"/>
    </file>
    <package name="mikemadisonweb\rabbitmq\controllers">
      <file name="/mnt/hdd/OwnRepo/yii2-rabbitmq-test/mikemadisonweb/controllers/RabbitMQController.php">
        <class name="RabbitMQController" namespace="mikemadisonweb\rabbitmq\controllers" fullPackage="mikemadisonweb" package="mikemadisonweb">
          <metrics complexity="41" methods="13" coveredmethods="6" conditionals="0" coveredconditionals="0" statements="108" coveredstatements="83" elements="121" coveredelements="89"/>
        </class>
        <line num="41" type="method" name="options" visibility="public" complexity="1" crap="1" count="7"/>
        <line num="43" type="stmt" count="7"/>
        <line num="49" type="method" name="optionAliases" visibility="public" complexity="1" crap="1" count="1"/>
        <line num="51" type="stmt" count="1"/>
        <line num="58" type="method" name="beforeAction" visibility="public" complexity="4" crap="4.05" count="9"/>
        <line num="60" type="stmt" count="9"/>
        <line num="61" type="stmt" count="1"/>
        <line num="63" type="stmt" count="9"/>
        <line num="64" type="stmt" count="1"/>
        <line num="65" type="stmt" count="0"/>
        <line num="67" type="stmt" count="1"/>
        <line num="70" type="stmt" count="9"/>
        <line num="79" type="method" name="actionConsume" visibility="public" complexity="5" crap="5" count="1"/>
        <line num="85" type="stmt" count="1"/>
        <line num="86" type="stmt" count="1"/>
        <line num="87" type="stmt" count="1"/>
        <line num="88" type="stmt" count="1"/>
        <line num="91" type="stmt" count="1"/>
        <line num="92" type="stmt" count="1"/>
        <line num="93" type="stmt" count="1"/>
        <line num="95" type="stmt" count="1"/>
        <line num="96" type="stmt" count="1"/>
        <line num="106" type="method" name="actionPublish" visibility="public" complexity="4" crap="4.91" count="1"/>
        <line num="112" type="stmt" count="1"/>
        <line num="113" type="stmt" count="1"/>
        <line num="114" type="stmt" count="1"/>
        <line num="115" type="stmt" count="1"/>
        <line num="118" type="stmt" count="1"/>
        <line num="119" type="stmt" count="1"/>
        <line num="120" type="stmt" count="1"/>
        <line num="121" type="stmt" count="1"/>
        <line num="123" type="stmt" count="0"/>
        <line num="124" type="stmt" count="0"/>
        <line num="126" type="stmt" count="0"/>
        <line num="127" type="stmt" count="0"/>
        <line num="128" type="stmt" count="0"/>
        <line num="137" type="method" name="actionDeclareAll" visibility="public" complexity="2" crap="2" count="1"/>
        <line num="139" type="stmt" count="1"/>
        <line num="140" type="stmt" count="1"/>
        <line num="141" type="stmt" count="1"/>
        <line num="142" type="stmt" count="1"/>
        <line num="143" type="stmt" count="1"/>
        <line num="144" type="stmt" count="1"/>
        <line num="146" type="stmt" count="1"/>
        <line num="147" type="stmt" count="1"/>
        <line num="157" type="method" name="actionDeclareExchange" visibility="public" complexity="2" crap="2" count="1"/>
        <line num="159" type="stmt" count="1"/>
        <line num="160" type="stmt" count="1"/>
        <line num="161" type="stmt" count="1"/>
        <line num="162" type="stmt" count="1"/>
        <line num="163" type="stmt" count="1"/>
        <line num="165" type="stmt" count="1"/>
        <line num="166" type="stmt" count="1"/>
        <line num="167" type="stmt" count="1"/>
        <line num="177" type="method" name="actionDeclareQueue" visibility="public" complexity="2" crap="2" count="1"/>
        <line num="179" type="stmt" count="1"/>
        <line num="180" type="stmt" count="1"/>
        <line num="181" type="stmt" count="1"/>
        <line num="182" type="stmt" count="1"/>
        <line num="183" type="stmt" count="1"/>
        <line num="185" type="stmt" count="1"/>
        <line num="186" type="stmt" count="1"/>
        <line num="187" type="stmt" count="1"/>
        <line num="196" type="method" name="actionDeleteAll" visibility="public" complexity="3" crap="3.58" count="1"/>
        <line num="198" type="stmt" count="1"/>
        <line num="199" type="stmt" count="0"/>
        <line num="200" type="stmt" count="0"/>
        <line num="201" type="stmt" count="0"/>
        <line num="202" type="stmt" count="0"/>
        <line num="205" type="stmt" count="1"/>
        <line num="206" type="stmt" count="1"/>
        <line num="207" type="stmt" count="1"/>
        <line num="208" type="stmt" count="1"/>
        <line num="209" type="stmt" count="1"/>
        <line num="219" type="method" name="actionDeleteExchange" visibility="public" complexity="3" crap="3.58" count="1"/>
        <line num="221" type="stmt" count="1"/>
        <line num="222" type="stmt" count="0"/>
        <line num="223" type="stmt" count="0"/>
        <line num="224" type="stmt" count="0"/>
        <line num="225" type="stmt" count="0"/>
        <line num="228" type="stmt" count="1"/>
        <line num="229" type="stmt" count="1"/>
        <line num="230" type="stmt" count="1"/>
        <line num="231" type="stmt" count="1"/>
        <line num="232" type="stmt" count="1"/>
        <line num="242" type="method" name="actionDeleteQueue" visibility="public" complexity="3" crap="3.58" count="1"/>
        <line num="244" type="stmt" count="1"/>
        <line num="245" type="stmt" count="0"/>
        <line num="246" type="stmt" count="0"/>
        <line num="247" type="stmt" count="0"/>
        <line num="248" type="stmt" count="0"/>
        <line num="252" type="stmt" count="1"/>
        <line num="253" type="stmt" count="1"/>
        <line num="254" type="stmt" count="1"/>
        <line num="255" type="stmt" count="1"/>
        <line num="256" type="stmt" count="1"/>
        <line num="266" type="method" name="actionPurgeQueue" visibility="public" complexity="3" crap="3.58" count="1"/>
        <line num="268" type="stmt" count="1"/>
        <line num="269" type="stmt" count="0"/>
        <line num="270" type="stmt" count="0"/>
        <line num="271" type="stmt" count="0"/>
        <line num="272" type="stmt" count="0"/>
        <line num="276" type="stmt" count="1"/>
        <line num="277" type="stmt" count="1"/>
        <line num="278" type="stmt" count="1"/>
        <line num="279" type="stmt" count="1"/>
        <line num="280" type="stmt" count="1"/>
        <line num="287" type="method" name="validateConsumerOptions" visibility="private" complexity="8" crap="8.79" count="1"/>
        <line num="289" type="stmt" count="1"/>
        <line num="290" type="stmt" count="1"/>
        <line num="291" type="stmt" count="0"/>
        <line num="293" type="stmt" count="1"/>
        <line num="294" type="stmt" count="1"/>
        <line num="295" type="stmt" count="1"/>
        <line num="298" type="stmt" count="1"/>
        <line num="299" type="stmt" count="1"/>
        <line num="300" type="stmt" count="1"/>
        <line num="301" type="stmt" count="0"/>
        <line num="303" type="stmt" count="1"/>
        <line num="304" type="stmt" count="0"/>
        <line num="306" type="stmt" count="1"/>
        <metrics loc="306" ncloc="218" classes="1" methods="13" coveredmethods="6" conditionals="0" coveredconditionals="0" statements="108" coveredstatements="83" elements="121" coveredelements="89"/>
      </file>
    </package>
    <package name="mikemadisonweb\rabbitmq\events">
      <file name="/mnt/hdd/OwnRepo/yii2-rabbitmq-test/mikemadisonweb/events/RabbitMQConsumerEvent.php">
        <class name="RabbitMQConsumerEvent" namespace="mikemadisonweb\rabbitmq\events">
          <metrics complexity="0" methods="0" coveredmethods="0" conditionals="0" coveredconditionals="0" statements="0" coveredstatements="0" elements="0" coveredelements="0"/>
        </class>
        <metrics loc="21" ncloc="15" classes="0" methods="0" coveredmethods="0" conditionals="0" coveredconditionals="0" statements="0" coveredstatements="0" elements="0" coveredelements="0"/>
      </file>
      <file name="/mnt/hdd/OwnRepo/yii2-rabbitmq-test/mikemadisonweb/events/RabbitMQPublisherEvent.php">
        <class name="RabbitMQPublisherEvent" namespace="mikemadisonweb\rabbitmq\events">
          <metrics complexity="0" methods="0" coveredmethods="0" conditionals="0" coveredconditionals="0" statements="0" coveredstatements="0" elements="0" coveredelements="0"/>
        </class>
        <metrics loc="21" ncloc="15" classes="0" methods="0" coveredmethods="0" conditionals="0" coveredconditionals="0" statements="0" coveredstatements="0" elements="0" coveredelements="0"/>
      </file>
    </package>
    <package name="mikemadisonweb\rabbitmq\exceptions">
      <file name="/mnt/hdd/OwnRepo/yii2-rabbitmq-test/mikemadisonweb/exceptions/InvalidConfigException.php">
        <class name="InvalidConfigException" namespace="mikemadisonweb\rabbitmq\exceptions">
          <metrics complexity="0" methods="0" coveredmethods="0" conditionals="0" coveredconditionals="0" statements="0" coveredstatements="0" elements="0" coveredelements="0"/>
        </class>
        <metrics loc="7" ncloc="7" classes="0" methods="0" coveredmethods="0" conditionals="0" coveredconditionals="0" statements="0" coveredstatements="0" elements="0" coveredelements="0"/>
      </file>
      <file name="/mnt/hdd/OwnRepo/yii2-rabbitmq-test/mikemadisonweb/exceptions/RuntimeException.php">
        <class name="RuntimeException" namespace="mikemadisonweb\rabbitmq\exceptions">
          <metrics complexity="0" methods="0" coveredmethods="0" conditionals="0" coveredconditionals="0" statements="0" coveredstatements="0" elements="0" coveredelements="0"/>
        </class>
        <metrics loc="7" ncloc="7" classes="0" methods="0" coveredmethods="0" conditionals="0" coveredconditionals="0" statements="0" coveredstatements="0" elements="0" coveredelements="0"/>
      </file>
    </package>
    <metrics files="14" loc="2240" ncloc="1657" classes="8" methods="104" coveredmethods="85" conditionals="0" coveredconditionals="0" statements="656" coveredstatements="590" elements="760" coveredelements="675"/>
  </project>
</coverage>
